20/03/2023 14:38:48 root   INFO     Training for a total of 100 epochs
20/03/2023 14:38:48 root   INFO     Weights are saved to exps/train1 after every 50 epochs
20/03/2023 14:38:48 root   INFO     Dataset path: data/RKP
20/03/2023 14:38:48 root   INFO     Random Seed: 0
20/03/2023 14:38:51 root   INFO     Adam (
Parameter Group 0
    amsgrad: False
    betas: (0.9, 0.999)
    capturable: False
    differentiable: False
    eps: 1e-08
    foreach: None
    fused: False
    lr: 0.0001
    maximize: False
    weight_decay: 0
)
20/03/2023 14:38:51 root   INFO     train data: 27 batches of batch size 256
20/03/2023 14:38:51 root   INFO     valid data: 3500 batches of batch size 2
20/03/2023 14:38:57 root   INFO     iters: 0 train_loss: 541.582458 valid_loss: 574.785950 lr: 0.000100
20/03/2023 14:39:02 root   INFO     iters: 1 train_loss: 536.860229 valid_loss: 572.808838 lr: 0.000099
20/03/2023 14:39:08 root   INFO     iters: 2 train_loss: 536.061829 valid_loss: 570.542786 lr: 0.000099
20/03/2023 14:39:14 root   INFO     iters: 3 train_loss: 532.696960 valid_loss: 567.928162 lr: 0.000099
20/03/2023 14:39:20 root   INFO     iters: 4 train_loss: 530.968872 valid_loss: 564.838806 lr: 0.000099
20/03/2023 14:39:26 root   INFO     iters: 5 train_loss: 525.386292 valid_loss: 560.888184 lr: 0.000099
20/03/2023 14:39:32 root   INFO     iters: 6 train_loss: 517.901794 valid_loss: 556.259094 lr: 0.000099
20/03/2023 14:39:39 root   INFO     iters: 7 train_loss: 517.058777 valid_loss: 550.195007 lr: 0.000099
20/03/2023 14:39:45 root   INFO     iters: 8 train_loss: 513.941101 valid_loss: 543.201050 lr: 0.000099
20/03/2023 14:39:51 root   INFO     iters: 9 train_loss: 503.519257 valid_loss: 535.257385 lr: 0.000099
20/03/2023 14:39:58 root   INFO     iters: 10 train_loss: 491.718323 valid_loss: 526.283386 lr: 0.000099
20/03/2023 14:40:04 root   INFO     iters: 11 train_loss: 484.850342 valid_loss: 516.161743 lr: 0.000098
20/03/2023 14:40:11 root   INFO     iters: 12 train_loss: 476.773376 valid_loss: 505.283966 lr: 0.000098
20/03/2023 14:40:17 root   INFO     iters: 13 train_loss: 464.458130 valid_loss: 492.907532 lr: 0.000098
20/03/2023 14:40:23 root   INFO     iters: 14 train_loss: 451.820374 valid_loss: 480.206573 lr: 0.000098
20/03/2023 14:40:29 root   INFO     iters: 15 train_loss: 434.764435 valid_loss: 466.163605 lr: 0.000098
20/03/2023 14:40:36 root   INFO     iters: 16 train_loss: 421.369476 valid_loss: 451.887451 lr: 0.000098
20/03/2023 14:40:42 root   INFO     iters: 17 train_loss: 409.787842 valid_loss: 436.277374 lr: 0.000098
20/03/2023 14:40:48 root   INFO     iters: 18 train_loss: 389.074371 valid_loss: 420.907288 lr: 0.000098
20/03/2023 14:40:54 root   INFO     iters: 19 train_loss: 376.787109 valid_loss: 405.836853 lr: 0.000098
20/03/2023 14:41:00 root   INFO     iters: 20 train_loss: 363.871063 valid_loss: 389.501282 lr: 0.000098
20/03/2023 14:41:07 root   INFO     iters: 21 train_loss: 348.530487 valid_loss: 373.109039 lr: 0.000097
20/03/2023 14:41:13 root   INFO     iters: 22 train_loss: 333.822479 valid_loss: 356.680664 lr: 0.000097
20/03/2023 14:41:20 root   INFO     iters: 23 train_loss: 314.780060 valid_loss: 340.946594 lr: 0.000097
20/03/2023 14:41:26 root   INFO     iters: 24 train_loss: 300.740692 valid_loss: 324.730591 lr: 0.000097
20/03/2023 14:41:32 root   INFO     iters: 25 train_loss: 284.685944 valid_loss: 308.414642 lr: 0.000097
20/03/2023 14:41:38 root   INFO     iters: 26 train_loss: 268.355835 valid_loss: 292.387756 lr: 0.000097
20/03/2023 14:41:45 root   INFO     iters: 27 train_loss: 255.035110 valid_loss: 276.482025 lr: 0.000097
20/03/2023 14:41:51 root   INFO     iters: 28 train_loss: 237.930862 valid_loss: 260.845734 lr: 0.000097
20/03/2023 14:41:57 root   INFO     iters: 29 train_loss: 226.820221 valid_loss: 245.933655 lr: 0.000097
20/03/2023 14:42:04 root   INFO     iters: 30 train_loss: 212.183319 valid_loss: 231.270813 lr: 0.000097
20/03/2023 14:42:10 root   INFO     iters: 31 train_loss: 199.305771 valid_loss: 217.503235 lr: 0.000096
20/03/2023 14:42:16 root   INFO     iters: 32 train_loss: 186.712494 valid_loss: 204.541763 lr: 0.000096
20/03/2023 14:42:23 root   INFO     iters: 33 train_loss: 173.823212 valid_loss: 192.250504 lr: 0.000096
20/03/2023 14:42:29 root   INFO     iters: 34 train_loss: 163.145187 valid_loss: 180.373047 lr: 0.000096
20/03/2023 14:42:35 root   INFO     iters: 35 train_loss: 152.962265 valid_loss: 170.218887 lr: 0.000096
20/03/2023 14:42:41 root   INFO     iters: 36 train_loss: 144.442001 valid_loss: 160.524048 lr: 0.000096
20/03/2023 14:42:47 root   INFO     iters: 37 train_loss: 135.772476 valid_loss: 151.755768 lr: 0.000096
20/03/2023 14:42:54 root   INFO     iters: 38 train_loss: 125.430267 valid_loss: 143.994461 lr: 0.000096
20/03/2023 14:43:00 root   INFO     iters: 39 train_loss: 121.160332 valid_loss: 136.774872 lr: 0.000096
20/03/2023 14:43:07 root   INFO     iters: 40 train_loss: 115.164444 valid_loss: 130.645218 lr: 0.000096
20/03/2023 14:43:14 root   INFO     iters: 41 train_loss: 109.791504 valid_loss: 125.072334 lr: 0.000095
20/03/2023 14:43:21 root   INFO     iters: 42 train_loss: 105.902260 valid_loss: 120.291916 lr: 0.000095
20/03/2023 14:43:27 root   INFO     iters: 43 train_loss: 98.598328 valid_loss: 116.065361 lr: 0.000095
20/03/2023 14:43:33 root   INFO     iters: 44 train_loss: 97.431305 valid_loss: 112.456657 lr: 0.000095
20/03/2023 14:43:39 root   INFO     iters: 45 train_loss: 95.163834 valid_loss: 109.293800 lr: 0.000095
20/03/2023 14:43:46 root   INFO     iters: 46 train_loss: 92.679779 valid_loss: 106.440765 lr: 0.000095
20/03/2023 14:43:52 root   INFO     iters: 47 train_loss: 90.371742 valid_loss: 104.100166 lr: 0.000095
20/03/2023 14:43:58 root   INFO     iters: 48 train_loss: 87.975525 valid_loss: 101.904350 lr: 0.000095
20/03/2023 14:44:05 root   INFO     iters: 49 train_loss: 86.902130 valid_loss: 100.114555 lr: 0.000095
20/03/2023 14:44:12 root   INFO     iters: 50 train_loss: 85.427696 valid_loss: 98.274269 lr: 0.000095
20/03/2023 14:44:18 root   INFO     iters: 51 train_loss: 83.630722 valid_loss: 96.949409 lr: 0.000094
20/03/2023 14:44:25 root   INFO     iters: 52 train_loss: 81.999954 valid_loss: 95.523605 lr: 0.000094
20/03/2023 14:44:31 root   INFO     iters: 53 train_loss: 80.375671 valid_loss: 94.559013 lr: 0.000094
20/03/2023 14:44:37 root   INFO     iters: 54 train_loss: 80.142319 valid_loss: 93.486282 lr: 0.000094
20/03/2023 14:44:43 root   INFO     iters: 55 train_loss: 78.151413 valid_loss: 92.501892 lr: 0.000094
20/03/2023 14:44:50 root   INFO     iters: 56 train_loss: 79.364586 valid_loss: 91.555519 lr: 0.000094
20/03/2023 14:44:56 root   INFO     iters: 57 train_loss: 78.992462 valid_loss: 90.715675 lr: 0.000094
20/03/2023 14:45:03 root   INFO     iters: 58 train_loss: 77.129005 valid_loss: 89.960991 lr: 0.000094
20/03/2023 14:45:09 root   INFO     iters: 59 train_loss: 76.843361 valid_loss: 89.285309 lr: 0.000094
20/03/2023 14:45:16 root   INFO     iters: 60 train_loss: 75.453156 valid_loss: 88.629761 lr: 0.000094
20/03/2023 14:45:22 root   INFO     iters: 61 train_loss: 76.769020 valid_loss: 88.034721 lr: 0.000093
20/03/2023 14:45:28 root   INFO     iters: 62 train_loss: 74.921646 valid_loss: 87.402367 lr: 0.000093
20/03/2023 14:45:35 root   INFO     iters: 63 train_loss: 75.063644 valid_loss: 86.966492 lr: 0.000093
20/03/2023 14:45:42 root   INFO     iters: 64 train_loss: 75.331184 valid_loss: 86.482666 lr: 0.000093
20/03/2023 14:45:48 root   INFO     iters: 65 train_loss: 74.974495 valid_loss: 85.908806 lr: 0.000093
20/03/2023 14:45:54 root   INFO     iters: 66 train_loss: 73.991188 valid_loss: 85.563606 lr: 0.000093
20/03/2023 14:46:01 root   INFO     iters: 67 train_loss: 72.680695 valid_loss: 85.071068 lr: 0.000093
20/03/2023 14:46:07 root   INFO     iters: 68 train_loss: 73.328079 valid_loss: 84.729408 lr: 0.000093
20/03/2023 14:46:14 root   INFO     iters: 69 train_loss: 73.343277 valid_loss: 84.298943 lr: 0.000093
20/03/2023 14:46:20 root   INFO     iters: 70 train_loss: 73.180435 valid_loss: 84.007042 lr: 0.000093
20/03/2023 14:46:27 root   INFO     iters: 71 train_loss: 72.895309 valid_loss: 83.554649 lr: 0.000092
20/03/2023 14:46:34 root   INFO     iters: 72 train_loss: 72.534325 valid_loss: 83.242867 lr: 0.000092
20/03/2023 14:46:41 root   INFO     iters: 73 train_loss: 72.173409 valid_loss: 82.929451 lr: 0.000092
20/03/2023 14:46:48 root   INFO     iters: 74 train_loss: 71.840691 valid_loss: 82.654503 lr: 0.000092
20/03/2023 14:46:55 root   INFO     iters: 75 train_loss: 71.529495 valid_loss: 82.343590 lr: 0.000092
20/03/2023 14:47:02 root   INFO     iters: 76 train_loss: 70.427696 valid_loss: 82.059204 lr: 0.000092
20/03/2023 14:47:08 root   INFO     iters: 77 train_loss: 70.983521 valid_loss: 81.759087 lr: 0.000092
20/03/2023 14:47:15 root   INFO     iters: 78 train_loss: 70.934036 valid_loss: 81.487221 lr: 0.000092
20/03/2023 14:47:21 root   INFO     iters: 79 train_loss: 69.957336 valid_loss: 81.209061 lr: 0.000092
20/03/2023 14:47:28 root   INFO     iters: 80 train_loss: 69.949982 valid_loss: 80.881401 lr: 0.000092
20/03/2023 14:47:35 root   INFO     iters: 81 train_loss: 69.566193 valid_loss: 80.644135 lr: 0.000091
20/03/2023 14:47:42 root   INFO     iters: 82 train_loss: 69.771683 valid_loss: 80.368889 lr: 0.000091
20/03/2023 14:47:48 root   INFO     iters: 83 train_loss: 69.532265 valid_loss: 80.196678 lr: 0.000091
20/03/2023 14:47:55 root   INFO     iters: 84 train_loss: 68.850876 valid_loss: 79.894455 lr: 0.000091
20/03/2023 14:48:01 root   INFO     iters: 85 train_loss: 68.672989 valid_loss: 79.662697 lr: 0.000091
20/03/2023 14:48:08 root   INFO     iters: 86 train_loss: 69.301521 valid_loss: 79.471054 lr: 0.000091
20/03/2023 14:48:14 root   INFO     iters: 87 train_loss: 67.993279 valid_loss: 79.289284 lr: 0.000091
20/03/2023 14:48:21 root   INFO     iters: 88 train_loss: 68.839043 valid_loss: 79.063522 lr: 0.000091
20/03/2023 14:48:27 root   INFO     iters: 89 train_loss: 68.062218 valid_loss: 78.809036 lr: 0.000091
20/03/2023 14:48:34 root   INFO     iters: 90 train_loss: 68.147720 valid_loss: 78.533455 lr: 0.000091
20/03/2023 14:48:40 root   INFO     iters: 91 train_loss: 68.170403 valid_loss: 78.340309 lr: 0.000090
20/03/2023 14:48:46 root   INFO     iters: 92 train_loss: 67.823036 valid_loss: 78.233864 lr: 0.000090
20/03/2023 14:48:52 root   INFO     iters: 93 train_loss: 61.876884 valid_loss: 77.928947 lr: 0.000090
20/03/2023 14:48:59 root   INFO     iters: 94 train_loss: 67.150757 valid_loss: 77.742676 lr: 0.000090
20/03/2023 14:49:05 root   INFO     iters: 95 train_loss: 67.466782 valid_loss: 77.516487 lr: 0.000090
20/03/2023 14:49:12 root   INFO     iters: 96 train_loss: 66.492905 valid_loss: 77.294487 lr: 0.000090
20/03/2023 14:49:18 root   INFO     iters: 97 train_loss: 67.072319 valid_loss: 77.173363 lr: 0.000090
20/03/2023 14:49:25 root   INFO     iters: 98 train_loss: 66.661674 valid_loss: 76.899391 lr: 0.000090
20/03/2023 14:49:31 root   INFO     iters: 99 train_loss: 66.516891 valid_loss: 76.703041 lr: 0.000090
