31/03/2023 17:18:30 root   INFO     Training for a total of 200 epochs
31/03/2023 17:18:30 root   INFO     Weights are saved to /home/gabinlembrez/GitHub/torque-tracking-ML/exps/RKPmodel/ after every 50 epochs
31/03/2023 17:18:30 root   INFO     Dataset path: /home/gabinlembrez/GitHub/torque-tracking-ML/data/RKP/
31/03/2023 17:18:30 root   INFO     Random Seed: 0
31/03/2023 17:18:31 root   INFO     Adam (
Parameter Group 0
    amsgrad: False
    betas: (0.9, 0.999)
    capturable: False
    differentiable: False
    eps: 1e-08
    foreach: None
    fused: False
    lr: 0.0001
    maximize: False
    weight_decay: 0
)
31/03/2023 17:18:31 root   INFO     train data: 945 batches of batch size 64
31/03/2023 17:18:31 root   INFO     valid data: 518 batches of batch size 64
31/03/2023 17:18:37 root   INFO     iters: 0 train_loss: 14.470390 valid_loss: 8.568278 lr: 0.000100
31/03/2023 17:18:42 root   INFO     iters: 1 train_loss: 14.449490 valid_loss: 8.568867 lr: 0.000099
31/03/2023 17:18:48 root   INFO     iters: 2 train_loss: 14.448952 valid_loss: 8.567384 lr: 0.000099
31/03/2023 17:18:53 root   INFO     iters: 3 train_loss: 14.445117 valid_loss: 8.571768 lr: 0.000099
31/03/2023 17:18:59 root   INFO     iters: 4 train_loss: 14.439263 valid_loss: 8.579869 lr: 0.000099
31/03/2023 17:19:04 root   INFO     iters: 5 train_loss: 14.438993 valid_loss: 8.576955 lr: 0.000099
31/03/2023 17:19:09 root   INFO     iters: 6 train_loss: 14.433678 valid_loss: 8.565331 lr: 0.000099
31/03/2023 17:19:15 root   INFO     iters: 7 train_loss: 14.413180 valid_loss: 8.522832 lr: 0.000099
31/03/2023 17:19:20 root   INFO     iters: 8 train_loss: 14.378901 valid_loss: 8.557194 lr: 0.000099
31/03/2023 17:19:26 root   INFO     iters: 9 train_loss: 14.353921 valid_loss: 8.496005 lr: 0.000099
31/03/2023 17:19:31 root   INFO     iters: 10 train_loss: 14.339150 valid_loss: 8.502224 lr: 0.000099
31/03/2023 17:19:36 root   INFO     iters: 11 train_loss: 14.326564 valid_loss: 8.480171 lr: 0.000098
31/03/2023 17:19:42 root   INFO     iters: 12 train_loss: 14.311553 valid_loss: 8.479184 lr: 0.000098
31/03/2023 17:19:47 root   INFO     iters: 13 train_loss: 14.293299 valid_loss: 8.515833 lr: 0.000098
31/03/2023 17:19:52 root   INFO     iters: 14 train_loss: 14.282215 valid_loss: 8.457231 lr: 0.000098
31/03/2023 17:19:58 root   INFO     iters: 15 train_loss: 14.263168 valid_loss: 8.446856 lr: 0.000098
31/03/2023 17:20:03 root   INFO     iters: 16 train_loss: 14.237129 valid_loss: 8.441035 lr: 0.000098
31/03/2023 17:20:09 root   INFO     iters: 17 train_loss: 14.219682 valid_loss: 8.455819 lr: 0.000098
31/03/2023 17:20:14 root   INFO     iters: 18 train_loss: 14.209444 valid_loss: 8.394008 lr: 0.000098
31/03/2023 17:20:20 root   INFO     iters: 19 train_loss: 14.184248 valid_loss: 8.389945 lr: 0.000098
31/03/2023 17:20:25 root   INFO     iters: 20 train_loss: 14.173594 valid_loss: 8.394117 lr: 0.000098
31/03/2023 17:20:30 root   INFO     iters: 21 train_loss: 14.133802 valid_loss: 8.386459 lr: 0.000097
31/03/2023 17:20:36 root   INFO     iters: 22 train_loss: 14.134941 valid_loss: 8.354616 lr: 0.000097
31/03/2023 17:20:41 root   INFO     iters: 23 train_loss: 14.099398 valid_loss: 8.367606 lr: 0.000097
31/03/2023 17:20:47 root   INFO     iters: 24 train_loss: 14.098071 valid_loss: 8.332696 lr: 0.000097
31/03/2023 17:20:52 root   INFO     iters: 25 train_loss: 14.067920 valid_loss: 8.334305 lr: 0.000097
31/03/2023 17:20:58 root   INFO     iters: 26 train_loss: 14.051847 valid_loss: 8.314642 lr: 0.000097
31/03/2023 17:21:04 root   INFO     iters: 27 train_loss: 14.045472 valid_loss: 8.316999 lr: 0.000097
31/03/2023 17:21:10 root   INFO     iters: 28 train_loss: 14.027197 valid_loss: 8.293832 lr: 0.000097
31/03/2023 17:21:16 root   INFO     iters: 29 train_loss: 14.012965 valid_loss: 8.508801 lr: 0.000097
31/03/2023 17:21:21 root   INFO     iters: 30 train_loss: 13.975557 valid_loss: 8.314989 lr: 0.000097
31/03/2023 17:21:27 root   INFO     iters: 31 train_loss: 13.958028 valid_loss: 8.281438 lr: 0.000096
31/03/2023 17:21:32 root   INFO     iters: 32 train_loss: 13.920328 valid_loss: 8.168200 lr: 0.000096
31/03/2023 17:21:38 root   INFO     iters: 33 train_loss: 13.890012 valid_loss: 8.185140 lr: 0.000096
31/03/2023 17:21:44 root   INFO     iters: 34 train_loss: 13.862969 valid_loss: 8.170439 lr: 0.000096
31/03/2023 17:21:49 root   INFO     iters: 35 train_loss: 13.833873 valid_loss: 8.146765 lr: 0.000096
31/03/2023 17:21:55 root   INFO     iters: 36 train_loss: 13.772367 valid_loss: 8.102772 lr: 0.000096
31/03/2023 17:22:00 root   INFO     iters: 37 train_loss: 13.750676 valid_loss: 8.143713 lr: 0.000096
31/03/2023 17:22:06 root   INFO     iters: 38 train_loss: 13.684888 valid_loss: 8.116117 lr: 0.000096
31/03/2023 17:22:11 root   INFO     iters: 39 train_loss: 13.650739 valid_loss: 8.171184 lr: 0.000096
31/03/2023 17:22:17 root   INFO     iters: 40 train_loss: 13.594415 valid_loss: 8.030364 lr: 0.000096
31/03/2023 17:22:22 root   INFO     iters: 41 train_loss: 13.544525 valid_loss: 7.945245 lr: 0.000095
31/03/2023 17:22:27 root   INFO     iters: 42 train_loss: 13.505328 valid_loss: 8.470978 lr: 0.000095
31/03/2023 17:22:33 root   INFO     iters: 43 train_loss: 13.456832 valid_loss: 7.847581 lr: 0.000095
31/03/2023 17:22:38 root   INFO     iters: 44 train_loss: 13.410017 valid_loss: 8.065492 lr: 0.000095
31/03/2023 17:22:44 root   INFO     iters: 45 train_loss: 13.359291 valid_loss: 7.848385 lr: 0.000095
31/03/2023 17:22:50 root   INFO     iters: 46 train_loss: 13.320717 valid_loss: 7.989620 lr: 0.000095
31/03/2023 17:22:55 root   INFO     iters: 47 train_loss: 13.279166 valid_loss: 7.772040 lr: 0.000095
31/03/2023 17:23:00 root   INFO     iters: 48 train_loss: 13.270799 valid_loss: 7.724387 lr: 0.000095
31/03/2023 17:23:06 root   INFO     iters: 49 train_loss: 13.222711 valid_loss: 8.091558 lr: 0.000095
31/03/2023 17:23:11 root   INFO     iters: 50 train_loss: 13.162564 valid_loss: 7.624256 lr: 0.000095
31/03/2023 17:23:16 root   INFO     iters: 51 train_loss: 13.095757 valid_loss: 7.733976 lr: 0.000094
31/03/2023 17:23:22 root   INFO     iters: 52 train_loss: 13.060399 valid_loss: 7.654126 lr: 0.000094
31/03/2023 17:23:27 root   INFO     iters: 53 train_loss: 13.077712 valid_loss: 7.675414 lr: 0.000094
31/03/2023 17:23:32 root   INFO     iters: 54 train_loss: 13.005860 valid_loss: 7.810120 lr: 0.000094
31/03/2023 17:23:38 root   INFO     iters: 55 train_loss: 12.960815 valid_loss: 7.738541 lr: 0.000094
31/03/2023 17:23:43 root   INFO     iters: 56 train_loss: 12.906088 valid_loss: 7.497742 lr: 0.000094
31/03/2023 17:23:49 root   INFO     iters: 57 train_loss: 12.867212 valid_loss: 7.448013 lr: 0.000094
31/03/2023 17:23:54 root   INFO     iters: 58 train_loss: 12.846676 valid_loss: 7.670340 lr: 0.000094
31/03/2023 17:24:00 root   INFO     iters: 59 train_loss: 12.812016 valid_loss: 7.490802 lr: 0.000094
31/03/2023 17:24:06 root   INFO     iters: 60 train_loss: 12.761732 valid_loss: 7.466095 lr: 0.000094
31/03/2023 17:24:11 root   INFO     iters: 61 train_loss: 12.692451 valid_loss: 7.483236 lr: 0.000093
31/03/2023 17:24:17 root   INFO     iters: 62 train_loss: 12.751707 valid_loss: 7.700002 lr: 0.000093
31/03/2023 17:24:22 root   INFO     iters: 63 train_loss: 12.672029 valid_loss: 7.740459 lr: 0.000093
31/03/2023 17:24:28 root   INFO     iters: 64 train_loss: 12.624830 valid_loss: 7.858200 lr: 0.000093
31/03/2023 17:24:34 root   INFO     iters: 65 train_loss: 12.604315 valid_loss: 7.334807 lr: 0.000093
31/03/2023 17:24:39 root   INFO     iters: 66 train_loss: 12.532695 valid_loss: 7.577599 lr: 0.000093
31/03/2023 17:24:45 root   INFO     iters: 67 train_loss: 12.600126 valid_loss: 7.895468 lr: 0.000093
31/03/2023 17:24:51 root   INFO     iters: 68 train_loss: 12.513539 valid_loss: 7.308248 lr: 0.000093
31/03/2023 17:24:56 root   INFO     iters: 69 train_loss: 12.508089 valid_loss: 7.496946 lr: 0.000093
31/03/2023 17:25:02 root   INFO     iters: 70 train_loss: 12.432159 valid_loss: 7.209459 lr: 0.000093
31/03/2023 17:25:07 root   INFO     iters: 71 train_loss: 12.423219 valid_loss: 7.485212 lr: 0.000092
31/03/2023 17:25:13 root   INFO     iters: 72 train_loss: 12.421241 valid_loss: 7.512058 lr: 0.000092
31/03/2023 17:25:18 root   INFO     iters: 73 train_loss: 12.385109 valid_loss: 8.334368 lr: 0.000092
31/03/2023 17:25:24 root   INFO     iters: 74 train_loss: 12.367131 valid_loss: 7.360237 lr: 0.000092
31/03/2023 17:25:30 root   INFO     iters: 75 train_loss: 12.321366 valid_loss: 7.478099 lr: 0.000092
31/03/2023 17:25:35 root   INFO     iters: 76 train_loss: 12.283101 valid_loss: 7.379326 lr: 0.000092
31/03/2023 17:25:41 root   INFO     iters: 77 train_loss: 12.273046 valid_loss: 7.107053 lr: 0.000092
31/03/2023 17:25:46 root   INFO     iters: 78 train_loss: 12.232081 valid_loss: 7.573238 lr: 0.000092
31/03/2023 17:25:52 root   INFO     iters: 79 train_loss: 12.244796 valid_loss: 7.089961 lr: 0.000092
31/03/2023 17:25:58 root   INFO     iters: 80 train_loss: 12.256377 valid_loss: 7.231346 lr: 0.000092
31/03/2023 17:26:03 root   INFO     iters: 81 train_loss: 12.189568 valid_loss: 7.170986 lr: 0.000091
31/03/2023 17:26:09 root   INFO     iters: 82 train_loss: 12.210361 valid_loss: 7.281949 lr: 0.000091
31/03/2023 17:26:15 root   INFO     iters: 83 train_loss: 12.126322 valid_loss: 7.149367 lr: 0.000091
31/03/2023 17:26:20 root   INFO     iters: 84 train_loss: 12.195663 valid_loss: 7.132712 lr: 0.000091
31/03/2023 17:26:26 root   INFO     iters: 85 train_loss: 12.110475 valid_loss: 7.414569 lr: 0.000091
31/03/2023 17:26:31 root   INFO     iters: 86 train_loss: 12.120687 valid_loss: 7.187793 lr: 0.000091
31/03/2023 17:26:37 root   INFO     iters: 87 train_loss: 12.119129 valid_loss: 7.016360 lr: 0.000091
31/03/2023 17:26:42 root   INFO     iters: 88 train_loss: 12.083857 valid_loss: 7.082734 lr: 0.000091
31/03/2023 17:26:48 root   INFO     iters: 89 train_loss: 12.076871 valid_loss: 8.015763 lr: 0.000091
31/03/2023 17:26:54 root   INFO     iters: 90 train_loss: 12.117128 valid_loss: 7.420366 lr: 0.000091
31/03/2023 17:26:59 root   INFO     iters: 91 train_loss: 12.034241 valid_loss: 7.261444 lr: 0.000090
31/03/2023 17:27:05 root   INFO     iters: 92 train_loss: 12.014966 valid_loss: 7.044901 lr: 0.000090
31/03/2023 17:27:11 root   INFO     iters: 93 train_loss: 12.055401 valid_loss: 7.210610 lr: 0.000090
31/03/2023 17:27:16 root   INFO     iters: 94 train_loss: 12.006764 valid_loss: 7.039875 lr: 0.000090
31/03/2023 17:27:22 root   INFO     iters: 95 train_loss: 11.952252 valid_loss: 6.944171 lr: 0.000090
31/03/2023 17:27:27 root   INFO     iters: 96 train_loss: 11.951170 valid_loss: 6.955399 lr: 0.000090
31/03/2023 17:27:33 root   INFO     iters: 97 train_loss: 11.946132 valid_loss: 7.021676 lr: 0.000090
31/03/2023 17:27:39 root   INFO     iters: 98 train_loss: 11.871658 valid_loss: 6.870927 lr: 0.000090
31/03/2023 17:27:45 root   INFO     iters: 99 train_loss: 11.897360 valid_loss: 7.001996 lr: 0.000090
31/03/2023 17:27:50 root   INFO     iters: 100 train_loss: 11.892959 valid_loss: 7.185171 lr: 0.000090
31/03/2023 17:27:56 root   INFO     iters: 101 train_loss: 11.893124 valid_loss: 7.096426 lr: 0.000090
31/03/2023 17:28:02 root   INFO     iters: 102 train_loss: 11.884683 valid_loss: 7.258876 lr: 0.000090
31/03/2023 17:28:08 root   INFO     iters: 103 train_loss: 11.913440 valid_loss: 7.051778 lr: 0.000090
31/03/2023 17:28:14 root   INFO     iters: 104 train_loss: 11.864305 valid_loss: 6.977008 lr: 0.000090
31/03/2023 17:28:20 root   INFO     iters: 105 train_loss: 11.847708 valid_loss: 6.978600 lr: 0.000090
31/03/2023 17:28:26 root   INFO     iters: 106 train_loss: 11.842476 valid_loss: 7.036109 lr: 0.000090
31/03/2023 17:28:32 root   INFO     iters: 107 train_loss: 11.807654 valid_loss: 6.906849 lr: 0.000090
31/03/2023 17:28:37 root   INFO     iters: 108 train_loss: 11.821151 valid_loss: 6.834570 lr: 0.000090
31/03/2023 17:28:42 root   INFO     iters: 109 train_loss: 11.798716 valid_loss: 7.625521 lr: 0.000090
31/03/2023 17:28:48 root   INFO     iters: 110 train_loss: 11.807006 valid_loss: 7.202716 lr: 0.000090
31/03/2023 17:28:54 root   INFO     iters: 111 train_loss: 11.782587 valid_loss: 6.913730 lr: 0.000089
31/03/2023 17:28:59 root   INFO     iters: 112 train_loss: 11.763393 valid_loss: 7.103813 lr: 0.000089
31/03/2023 17:29:05 root   INFO     iters: 113 train_loss: 11.737665 valid_loss: 7.162073 lr: 0.000089
31/03/2023 17:29:11 root   INFO     iters: 114 train_loss: 11.703737 valid_loss: 7.015685 lr: 0.000089
31/03/2023 17:29:16 root   INFO     iters: 115 train_loss: 11.762998 valid_loss: 7.074562 lr: 0.000089
31/03/2023 17:29:22 root   INFO     iters: 116 train_loss: 11.722387 valid_loss: 6.970463 lr: 0.000089
31/03/2023 17:29:28 root   INFO     iters: 117 train_loss: 11.676610 valid_loss: 6.872910 lr: 0.000089
31/03/2023 17:29:34 root   INFO     iters: 118 train_loss: 11.676291 valid_loss: 6.976966 lr: 0.000089
31/03/2023 17:29:39 root   INFO     iters: 119 train_loss: 11.684942 valid_loss: 6.925824 lr: 0.000089
31/03/2023 17:29:45 root   INFO     iters: 120 train_loss: 11.669961 valid_loss: 6.823315 lr: 0.000089
31/03/2023 17:29:50 root   INFO     iters: 121 train_loss: 11.665883 valid_loss: 7.053435 lr: 0.000088
31/03/2023 17:29:56 root   INFO     iters: 122 train_loss: 11.632727 valid_loss: 6.803809 lr: 0.000088
31/03/2023 17:30:02 root   INFO     iters: 123 train_loss: 11.660265 valid_loss: 7.556006 lr: 0.000088
31/03/2023 17:30:08 root   INFO     iters: 124 train_loss: 11.625487 valid_loss: 6.898013 lr: 0.000088
31/03/2023 17:30:13 root   INFO     iters: 125 train_loss: 11.635613 valid_loss: 6.775200 lr: 0.000088
31/03/2023 17:30:19 root   INFO     iters: 126 train_loss: 11.597207 valid_loss: 6.746163 lr: 0.000088
31/03/2023 17:30:24 root   INFO     iters: 127 train_loss: 11.557526 valid_loss: 6.735545 lr: 0.000088
31/03/2023 17:30:30 root   INFO     iters: 128 train_loss: 11.588844 valid_loss: 6.900693 lr: 0.000088
31/03/2023 17:30:35 root   INFO     iters: 129 train_loss: 11.563397 valid_loss: 6.776427 lr: 0.000088
31/03/2023 17:30:41 root   INFO     iters: 130 train_loss: 11.526277 valid_loss: 6.844159 lr: 0.000088
31/03/2023 17:30:47 root   INFO     iters: 131 train_loss: 11.523191 valid_loss: 6.919888 lr: 0.000087
31/03/2023 17:30:53 root   INFO     iters: 132 train_loss: 11.516716 valid_loss: 6.845620 lr: 0.000087
31/03/2023 17:30:58 root   INFO     iters: 133 train_loss: 11.508171 valid_loss: 6.914443 lr: 0.000087
31/03/2023 17:31:04 root   INFO     iters: 134 train_loss: 11.495602 valid_loss: 6.819555 lr: 0.000087
31/03/2023 17:31:10 root   INFO     iters: 135 train_loss: 11.469134 valid_loss: 6.754048 lr: 0.000087
31/03/2023 17:31:15 root   INFO     iters: 136 train_loss: 11.513695 valid_loss: 6.821188 lr: 0.000087
31/03/2023 17:31:21 root   INFO     iters: 137 train_loss: 11.461102 valid_loss: 6.965485 lr: 0.000087
31/03/2023 17:31:27 root   INFO     iters: 138 train_loss: 11.447751 valid_loss: 6.806065 lr: 0.000087
31/03/2023 17:31:33 root   INFO     iters: 139 train_loss: 11.443529 valid_loss: 6.833273 lr: 0.000087
31/03/2023 17:31:39 root   INFO     iters: 140 train_loss: 11.442801 valid_loss: 6.773344 lr: 0.000087
31/03/2023 17:31:44 root   INFO     iters: 141 train_loss: 11.412927 valid_loss: 6.707552 lr: 0.000086
31/03/2023 17:31:50 root   INFO     iters: 142 train_loss: 11.410796 valid_loss: 6.692940 lr: 0.000086
31/03/2023 17:31:56 root   INFO     iters: 143 train_loss: 11.409849 valid_loss: 6.748719 lr: 0.000086
31/03/2023 17:32:01 root   INFO     iters: 144 train_loss: 11.391376 valid_loss: 6.755945 lr: 0.000086
31/03/2023 17:32:07 root   INFO     iters: 145 train_loss: 11.368518 valid_loss: 6.927125 lr: 0.000086
31/03/2023 17:32:13 root   INFO     iters: 146 train_loss: 11.381551 valid_loss: 6.715468 lr: 0.000086
31/03/2023 17:32:18 root   INFO     iters: 147 train_loss: 11.389539 valid_loss: 6.709996 lr: 0.000086
31/03/2023 17:32:24 root   INFO     iters: 148 train_loss: 11.330523 valid_loss: 6.793268 lr: 0.000086
31/03/2023 17:32:29 root   INFO     iters: 149 train_loss: 11.319646 valid_loss: 6.707683 lr: 0.000086
31/03/2023 17:32:35 root   INFO     iters: 150 train_loss: 11.305812 valid_loss: 6.765893 lr: 0.000086
31/03/2023 17:32:41 root   INFO     iters: 151 train_loss: 11.342735 valid_loss: 6.716467 lr: 0.000085
31/03/2023 17:32:46 root   INFO     iters: 152 train_loss: 11.274880 valid_loss: 6.689791 lr: 0.000085
31/03/2023 17:32:52 root   INFO     iters: 153 train_loss: 11.263173 valid_loss: 6.748943 lr: 0.000085
31/03/2023 17:32:58 root   INFO     iters: 154 train_loss: 11.312799 valid_loss: 6.738486 lr: 0.000085
31/03/2023 17:33:03 root   INFO     iters: 155 train_loss: 11.277647 valid_loss: 6.566082 lr: 0.000085
31/03/2023 17:33:09 root   INFO     iters: 156 train_loss: 11.258952 valid_loss: 6.714379 lr: 0.000085
31/03/2023 17:33:14 root   INFO     iters: 157 train_loss: 11.242392 valid_loss: 6.784184 lr: 0.000085
31/03/2023 17:33:20 root   INFO     iters: 158 train_loss: 11.259561 valid_loss: 6.837688 lr: 0.000085
31/03/2023 17:33:26 root   INFO     iters: 159 train_loss: 11.275318 valid_loss: 6.737931 lr: 0.000085
31/03/2023 17:33:31 root   INFO     iters: 160 train_loss: 11.221756 valid_loss: 6.584023 lr: 0.000085
31/03/2023 17:33:37 root   INFO     iters: 161 train_loss: 11.233545 valid_loss: 6.684856 lr: 0.000084
31/03/2023 17:33:42 root   INFO     iters: 162 train_loss: 11.203059 valid_loss: 6.604825 lr: 0.000084
31/03/2023 17:33:48 root   INFO     iters: 163 train_loss: 11.191812 valid_loss: 6.666638 lr: 0.000084
31/03/2023 17:33:54 root   INFO     iters: 164 train_loss: 11.193716 valid_loss: 6.688687 lr: 0.000084
31/03/2023 17:34:00 root   INFO     iters: 165 train_loss: 11.207512 valid_loss: 6.572958 lr: 0.000084
31/03/2023 17:34:05 root   INFO     iters: 166 train_loss: 11.168559 valid_loss: 6.681078 lr: 0.000084
31/03/2023 17:34:11 root   INFO     iters: 167 train_loss: 11.131352 valid_loss: 7.134876 lr: 0.000084
31/03/2023 17:34:16 root   INFO     iters: 168 train_loss: 11.162245 valid_loss: 7.086137 lr: 0.000084
31/03/2023 17:34:22 root   INFO     iters: 169 train_loss: 11.117375 valid_loss: 6.613708 lr: 0.000084
31/03/2023 17:34:27 root   INFO     iters: 170 train_loss: 11.101016 valid_loss: 6.630724 lr: 0.000084
31/03/2023 17:34:33 root   INFO     iters: 171 train_loss: 11.139936 valid_loss: 6.752898 lr: 0.000083
31/03/2023 17:34:39 root   INFO     iters: 172 train_loss: 11.107718 valid_loss: 6.734877 lr: 0.000083
31/03/2023 17:34:45 root   INFO     iters: 173 train_loss: 11.089443 valid_loss: 6.677553 lr: 0.000083
31/03/2023 17:34:51 root   INFO     iters: 174 train_loss: 11.089765 valid_loss: 6.703294 lr: 0.000083
31/03/2023 17:34:57 root   INFO     iters: 175 train_loss: 11.120109 valid_loss: 6.520448 lr: 0.000083
31/03/2023 17:35:03 root   INFO     iters: 176 train_loss: 11.055134 valid_loss: 6.573102 lr: 0.000083
31/03/2023 17:35:08 root   INFO     iters: 177 train_loss: 11.044850 valid_loss: 6.643928 lr: 0.000083
31/03/2023 17:35:14 root   INFO     iters: 178 train_loss: 11.088877 valid_loss: 6.608168 lr: 0.000083
31/03/2023 17:35:19 root   INFO     iters: 179 train_loss: 11.067630 valid_loss: 6.810681 lr: 0.000083
31/03/2023 17:35:25 root   INFO     iters: 180 train_loss: 11.058224 valid_loss: 6.882763 lr: 0.000083
31/03/2023 17:35:30 root   INFO     iters: 181 train_loss: 11.066922 valid_loss: 6.687096 lr: 0.000083
31/03/2023 17:35:36 root   INFO     iters: 182 train_loss: 11.030192 valid_loss: 6.903418 lr: 0.000083
31/03/2023 17:35:41 root   INFO     iters: 183 train_loss: 11.025484 valid_loss: 7.071872 lr: 0.000083
31/03/2023 17:35:47 root   INFO     iters: 184 train_loss: 11.014825 valid_loss: 6.697339 lr: 0.000083
31/03/2023 17:35:52 root   INFO     iters: 185 train_loss: 11.003040 valid_loss: 6.619152 lr: 0.000083
31/03/2023 17:35:58 root   INFO     iters: 186 train_loss: 11.007642 valid_loss: 6.448617 lr: 0.000083
31/03/2023 17:36:04 root   INFO     iters: 187 train_loss: 10.994403 valid_loss: 6.504919 lr: 0.000083
31/03/2023 17:36:09 root   INFO     iters: 188 train_loss: 10.976527 valid_loss: 6.520895 lr: 0.000083
31/03/2023 17:36:15 root   INFO     iters: 189 train_loss: 10.961142 valid_loss: 6.653754 lr: 0.000083
31/03/2023 17:36:21 root   INFO     iters: 190 train_loss: 10.977799 valid_loss: 6.517148 lr: 0.000083
31/03/2023 17:36:26 root   INFO     iters: 191 train_loss: 10.986925 valid_loss: 6.681854 lr: 0.000082
31/03/2023 17:36:32 root   INFO     iters: 192 train_loss: 10.958570 valid_loss: 6.560613 lr: 0.000082
31/03/2023 17:36:38 root   INFO     iters: 193 train_loss: 10.944708 valid_loss: 6.470018 lr: 0.000082
31/03/2023 17:36:44 root   INFO     iters: 194 train_loss: 10.932397 valid_loss: 6.486892 lr: 0.000082
31/03/2023 17:36:49 root   INFO     iters: 195 train_loss: 10.948908 valid_loss: 6.570074 lr: 0.000082
31/03/2023 17:36:55 root   INFO     iters: 196 train_loss: 10.916759 valid_loss: 6.689397 lr: 0.000082
31/03/2023 17:37:01 root   INFO     iters: 197 train_loss: 10.901503 valid_loss: 6.452104 lr: 0.000082
31/03/2023 17:37:06 root   INFO     iters: 198 train_loss: 10.903372 valid_loss: 6.519870 lr: 0.000082
31/03/2023 17:37:12 root   INFO     iters: 199 train_loss: 10.893599 valid_loss: 6.551901 lr: 0.000082
