03/04/2023 15:58:06 root   INFO     Training for a total of 200 epochs
03/04/2023 15:58:06 root   INFO     Weights are saved to /home/gabinlembrez/GitHub/torque-tracking-ML/exps/multivariate_v0/ after every 50 epochs
03/04/2023 15:58:06 root   INFO     Dataset path: /home/gabinlembrez/GitHub/torque-tracking-ML/data
03/04/2023 15:58:06 root   INFO     Random Seed: 0
03/04/2023 15:58:09 root   INFO     Adam (
Parameter Group 0
    amsgrad: False
    betas: (0.9, 0.999)
    capturable: False
    differentiable: False
    eps: 1e-08
    foreach: None
    fused: False
    lr: 0.0001
    maximize: False
    weight_decay: 0
)
03/04/2023 15:58:11 root   INFO     train data: 945 batches of batch size 64
03/04/2023 15:58:12 root   INFO     valid data: 518 batches of batch size 64
03/04/2023 15:58:17 root   INFO     iters: 0 train_loss: 5.088852 valid_loss: 2.012578 lr: 0.000100
03/04/2023 15:58:23 root   INFO     iters: 1 train_loss: 2.011580 valid_loss: 1.116817 lr: 0.000099
03/04/2023 15:58:28 root   INFO     iters: 2 train_loss: 1.314255 valid_loss: 0.806263 lr: 0.000099
03/04/2023 15:58:34 root   INFO     iters: 3 train_loss: 1.028676 valid_loss: 0.661932 lr: 0.000099
03/04/2023 15:58:39 root   INFO     iters: 4 train_loss: 0.876101 valid_loss: 0.570388 lr: 0.000099
03/04/2023 15:58:45 root   INFO     iters: 5 train_loss: 0.780501 valid_loss: 0.510073 lr: 0.000099
03/04/2023 15:58:51 root   INFO     iters: 6 train_loss: 0.714049 valid_loss: 0.467799 lr: 0.000099
03/04/2023 15:58:57 root   INFO     iters: 7 train_loss: 0.664451 valid_loss: 0.426583 lr: 0.000099
03/04/2023 15:59:02 root   INFO     iters: 8 train_loss: 0.626851 valid_loss: 0.398947 lr: 0.000099
03/04/2023 15:59:08 root   INFO     iters: 9 train_loss: 0.596172 valid_loss: 0.375678 lr: 0.000099
03/04/2023 15:59:14 root   INFO     iters: 10 train_loss: 0.571430 valid_loss: 0.353776 lr: 0.000099
03/04/2023 15:59:19 root   INFO     iters: 11 train_loss: 0.550753 valid_loss: 0.335449 lr: 0.000098
03/04/2023 15:59:25 root   INFO     iters: 12 train_loss: 0.533750 valid_loss: 0.320959 lr: 0.000098
03/04/2023 15:59:31 root   INFO     iters: 13 train_loss: 0.519595 valid_loss: 0.311466 lr: 0.000098
03/04/2023 15:59:37 root   INFO     iters: 14 train_loss: 0.507310 valid_loss: 0.297227 lr: 0.000098
03/04/2023 15:59:43 root   INFO     iters: 15 train_loss: 0.496866 valid_loss: 0.287147 lr: 0.000098
03/04/2023 15:59:49 root   INFO     iters: 16 train_loss: 0.487105 valid_loss: 0.279895 lr: 0.000098
03/04/2023 15:59:54 root   INFO     iters: 17 train_loss: 0.478413 valid_loss: 0.269629 lr: 0.000098
03/04/2023 16:00:00 root   INFO     iters: 18 train_loss: 0.471724 valid_loss: 0.265835 lr: 0.000098
03/04/2023 16:00:06 root   INFO     iters: 19 train_loss: 0.465113 valid_loss: 0.257509 lr: 0.000098
03/04/2023 16:00:12 root   INFO     iters: 20 train_loss: 0.458571 valid_loss: 0.250033 lr: 0.000098
03/04/2023 16:00:17 root   INFO     iters: 21 train_loss: 0.452936 valid_loss: 0.250289 lr: 0.000097
03/04/2023 16:00:23 root   INFO     iters: 22 train_loss: 0.448173 valid_loss: 0.240419 lr: 0.000097
03/04/2023 16:00:29 root   INFO     iters: 23 train_loss: 0.443086 valid_loss: 0.238365 lr: 0.000097
03/04/2023 16:00:35 root   INFO     iters: 24 train_loss: 0.439578 valid_loss: 0.232882 lr: 0.000097
03/04/2023 16:00:41 root   INFO     iters: 25 train_loss: 0.434901 valid_loss: 0.228598 lr: 0.000097
03/04/2023 16:00:47 root   INFO     iters: 26 train_loss: 0.431329 valid_loss: 0.223982 lr: 0.000097
03/04/2023 16:00:52 root   INFO     iters: 27 train_loss: 0.427066 valid_loss: 0.225286 lr: 0.000097
03/04/2023 16:00:58 root   INFO     iters: 28 train_loss: 0.424110 valid_loss: 0.217072 lr: 0.000097
03/04/2023 16:01:04 root   INFO     iters: 29 train_loss: 0.421695 valid_loss: 0.213029 lr: 0.000097
03/04/2023 16:01:10 root   INFO     iters: 30 train_loss: 0.417898 valid_loss: 0.211763 lr: 0.000097
03/04/2023 16:01:16 root   INFO     iters: 31 train_loss: 0.415271 valid_loss: 0.207057 lr: 0.000096
03/04/2023 16:01:21 root   INFO     iters: 32 train_loss: 0.412578 valid_loss: 0.206498 lr: 0.000096
03/04/2023 16:01:27 root   INFO     iters: 33 train_loss: 0.410639 valid_loss: 0.207441 lr: 0.000096
03/04/2023 16:01:33 root   INFO     iters: 34 train_loss: 0.407877 valid_loss: 0.202308 lr: 0.000096
03/04/2023 16:01:39 root   INFO     iters: 35 train_loss: 0.406045 valid_loss: 0.198380 lr: 0.000096
03/04/2023 16:01:45 root   INFO     iters: 36 train_loss: 0.403368 valid_loss: 0.198460 lr: 0.000096
03/04/2023 16:01:50 root   INFO     iters: 37 train_loss: 0.401205 valid_loss: 0.198822 lr: 0.000096
03/04/2023 16:01:56 root   INFO     iters: 38 train_loss: 0.399028 valid_loss: 0.192207 lr: 0.000096
03/04/2023 16:02:02 root   INFO     iters: 39 train_loss: 0.397600 valid_loss: 0.190307 lr: 0.000096
03/04/2023 16:02:07 root   INFO     iters: 40 train_loss: 0.395810 valid_loss: 0.188811 lr: 0.000096
03/04/2023 16:02:13 root   INFO     iters: 41 train_loss: 0.394322 valid_loss: 0.186948 lr: 0.000095
03/04/2023 16:02:19 root   INFO     iters: 42 train_loss: 0.392656 valid_loss: 0.185910 lr: 0.000095
03/04/2023 16:02:25 root   INFO     iters: 43 train_loss: 0.391142 valid_loss: 0.184548 lr: 0.000095
03/04/2023 16:02:30 root   INFO     iters: 44 train_loss: 0.389818 valid_loss: 0.181417 lr: 0.000095
03/04/2023 16:02:37 root   INFO     iters: 45 train_loss: 0.387858 valid_loss: 0.178211 lr: 0.000095
03/04/2023 16:02:43 root   INFO     iters: 46 train_loss: 0.386419 valid_loss: 0.182005 lr: 0.000095
03/04/2023 16:02:48 root   INFO     iters: 47 train_loss: 0.384682 valid_loss: 0.178467 lr: 0.000095
03/04/2023 16:02:54 root   INFO     iters: 48 train_loss: 0.384242 valid_loss: 0.175155 lr: 0.000095
03/04/2023 16:03:00 root   INFO     iters: 49 train_loss: 0.382350 valid_loss: 0.173024 lr: 0.000095
03/04/2023 16:03:06 root   INFO     iters: 50 train_loss: 0.380935 valid_loss: 0.174322 lr: 0.000095
03/04/2023 16:03:12 root   INFO     iters: 51 train_loss: 0.379993 valid_loss: 0.172867 lr: 0.000094
03/04/2023 16:03:18 root   INFO     iters: 52 train_loss: 0.379446 valid_loss: 0.171856 lr: 0.000094
03/04/2023 16:03:24 root   INFO     iters: 53 train_loss: 0.377476 valid_loss: 0.172493 lr: 0.000094
03/04/2023 16:03:30 root   INFO     iters: 54 train_loss: 0.376687 valid_loss: 0.168486 lr: 0.000094
03/04/2023 16:03:36 root   INFO     iters: 55 train_loss: 0.374874 valid_loss: 0.167445 lr: 0.000094
03/04/2023 16:03:42 root   INFO     iters: 56 train_loss: 0.374550 valid_loss: 0.169634 lr: 0.000094
03/04/2023 16:03:49 root   INFO     iters: 57 train_loss: 0.373524 valid_loss: 0.165140 lr: 0.000094
03/04/2023 16:03:55 root   INFO     iters: 58 train_loss: 0.372694 valid_loss: 0.164778 lr: 0.000094
03/04/2023 16:04:01 root   INFO     iters: 59 train_loss: 0.371878 valid_loss: 0.164802 lr: 0.000094
03/04/2023 16:04:07 root   INFO     iters: 60 train_loss: 0.370492 valid_loss: 0.163360 lr: 0.000094
03/04/2023 16:04:14 root   INFO     iters: 61 train_loss: 0.369934 valid_loss: 0.160965 lr: 0.000093
03/04/2023 16:04:19 root   INFO     iters: 62 train_loss: 0.368732 valid_loss: 0.158799 lr: 0.000093
03/04/2023 16:04:25 root   INFO     iters: 63 train_loss: 0.368036 valid_loss: 0.162112 lr: 0.000093
03/04/2023 16:04:31 root   INFO     iters: 64 train_loss: 0.367399 valid_loss: 0.159651 lr: 0.000093
03/04/2023 16:04:37 root   INFO     iters: 65 train_loss: 0.366374 valid_loss: 0.158524 lr: 0.000093
03/04/2023 16:04:43 root   INFO     iters: 66 train_loss: 0.365634 valid_loss: 0.157957 lr: 0.000093
03/04/2023 16:04:49 root   INFO     iters: 67 train_loss: 0.364776 valid_loss: 0.156687 lr: 0.000093
03/04/2023 16:04:55 root   INFO     iters: 68 train_loss: 0.364616 valid_loss: 0.157801 lr: 0.000093
03/04/2023 16:05:01 root   INFO     iters: 69 train_loss: 0.363709 valid_loss: 0.155507 lr: 0.000093
03/04/2023 16:05:08 root   INFO     iters: 70 train_loss: 0.363050 valid_loss: 0.154787 lr: 0.000093
03/04/2023 16:05:17 root   INFO     iters: 71 train_loss: 0.362209 valid_loss: 0.154297 lr: 0.000092
03/04/2023 16:05:24 root   INFO     iters: 72 train_loss: 0.362171 valid_loss: 0.152950 lr: 0.000092
03/04/2023 16:05:30 root   INFO     iters: 73 train_loss: 0.360956 valid_loss: 0.152431 lr: 0.000092
03/04/2023 16:05:36 root   INFO     iters: 74 train_loss: 0.360592 valid_loss: 0.150938 lr: 0.000092
03/04/2023 16:05:42 root   INFO     iters: 75 train_loss: 0.360042 valid_loss: 0.152889 lr: 0.000092
03/04/2023 16:05:48 root   INFO     iters: 76 train_loss: 0.358893 valid_loss: 0.151164 lr: 0.000092
03/04/2023 16:05:55 root   INFO     iters: 77 train_loss: 0.359125 valid_loss: 0.147701 lr: 0.000092
03/04/2023 16:06:01 root   INFO     iters: 78 train_loss: 0.358041 valid_loss: 0.148597 lr: 0.000092
03/04/2023 16:06:08 root   INFO     iters: 79 train_loss: 0.358423 valid_loss: 0.147319 lr: 0.000092
03/04/2023 16:06:14 root   INFO     iters: 80 train_loss: 0.356855 valid_loss: 0.147718 lr: 0.000092
03/04/2023 16:06:20 root   INFO     iters: 81 train_loss: 0.356212 valid_loss: 0.148354 lr: 0.000091
03/04/2023 16:06:26 root   INFO     iters: 82 train_loss: 0.356158 valid_loss: 0.146930 lr: 0.000091
03/04/2023 16:06:33 root   INFO     iters: 83 train_loss: 0.355069 valid_loss: 0.148433 lr: 0.000091
03/04/2023 16:06:39 root   INFO     iters: 84 train_loss: 0.355088 valid_loss: 0.146336 lr: 0.000091
03/04/2023 16:06:45 root   INFO     iters: 85 train_loss: 0.354127 valid_loss: 0.145698 lr: 0.000091
03/04/2023 16:06:51 root   INFO     iters: 86 train_loss: 0.354266 valid_loss: 0.144828 lr: 0.000091
03/04/2023 16:06:58 root   INFO     iters: 87 train_loss: 0.353916 valid_loss: 0.143354 lr: 0.000091
03/04/2023 16:07:04 root   INFO     iters: 88 train_loss: 0.353542 valid_loss: 0.143991 lr: 0.000091
03/04/2023 16:07:10 root   INFO     iters: 89 train_loss: 0.352755 valid_loss: 0.142082 lr: 0.000091
03/04/2023 16:07:16 root   INFO     iters: 90 train_loss: 0.352342 valid_loss: 0.144288 lr: 0.000091
03/04/2023 16:07:22 root   INFO     iters: 91 train_loss: 0.352226 valid_loss: 0.141928 lr: 0.000090
03/04/2023 16:07:28 root   INFO     iters: 92 train_loss: 0.351416 valid_loss: 0.140850 lr: 0.000090
03/04/2023 16:07:35 root   INFO     iters: 93 train_loss: 0.351282 valid_loss: 0.140086 lr: 0.000090
03/04/2023 16:07:41 root   INFO     iters: 94 train_loss: 0.350995 valid_loss: 0.142953 lr: 0.000090
03/04/2023 16:07:47 root   INFO     iters: 95 train_loss: 0.350038 valid_loss: 0.138975 lr: 0.000090
03/04/2023 16:07:54 root   INFO     iters: 96 train_loss: 0.349728 valid_loss: 0.140837 lr: 0.000090
03/04/2023 16:08:00 root   INFO     iters: 97 train_loss: 0.350057 valid_loss: 0.137758 lr: 0.000090
03/04/2023 16:08:06 root   INFO     iters: 98 train_loss: 0.349437 valid_loss: 0.142182 lr: 0.000090
03/04/2023 16:08:13 root   INFO     iters: 99 train_loss: 0.349104 valid_loss: 0.140965 lr: 0.000090
03/04/2023 16:08:19 root   INFO     iters: 100 train_loss: 0.348704 valid_loss: 0.136701 lr: 0.000090
03/04/2023 16:08:25 root   INFO     iters: 101 train_loss: 0.347951 valid_loss: 0.136200 lr: 0.000090
03/04/2023 16:08:31 root   INFO     iters: 102 train_loss: 0.347953 valid_loss: 0.137719 lr: 0.000090
03/04/2023 16:08:37 root   INFO     iters: 103 train_loss: 0.347343 valid_loss: 0.136724 lr: 0.000090
03/04/2023 16:08:44 root   INFO     iters: 104 train_loss: 0.347661 valid_loss: 0.135377 lr: 0.000090
03/04/2023 16:08:50 root   INFO     iters: 105 train_loss: 0.347197 valid_loss: 0.135862 lr: 0.000090
03/04/2023 16:08:57 root   INFO     iters: 106 train_loss: 0.346581 valid_loss: 0.135077 lr: 0.000090
03/04/2023 16:09:03 root   INFO     iters: 107 train_loss: 0.345946 valid_loss: 0.136811 lr: 0.000090
03/04/2023 16:09:09 root   INFO     iters: 108 train_loss: 0.345510 valid_loss: 0.133642 lr: 0.000090
03/04/2023 16:09:16 root   INFO     iters: 109 train_loss: 0.345567 valid_loss: 0.136161 lr: 0.000090
03/04/2023 16:09:22 root   INFO     iters: 110 train_loss: 0.345554 valid_loss: 0.135378 lr: 0.000090
03/04/2023 16:09:28 root   INFO     iters: 111 train_loss: 0.345483 valid_loss: 0.136505 lr: 0.000089
03/04/2023 16:09:35 root   INFO     iters: 112 train_loss: 0.344662 valid_loss: 0.134104 lr: 0.000089
03/04/2023 16:09:41 root   INFO     iters: 113 train_loss: 0.344842 valid_loss: 0.133459 lr: 0.000089
03/04/2023 16:09:48 root   INFO     iters: 114 train_loss: 0.344801 valid_loss: 0.133347 lr: 0.000089
03/04/2023 16:09:54 root   INFO     iters: 115 train_loss: 0.344402 valid_loss: 0.134172 lr: 0.000089
03/04/2023 16:10:00 root   INFO     iters: 116 train_loss: 0.343844 valid_loss: 0.131961 lr: 0.000089
03/04/2023 16:10:06 root   INFO     iters: 117 train_loss: 0.343589 valid_loss: 0.135663 lr: 0.000089
03/04/2023 16:10:13 root   INFO     iters: 118 train_loss: 0.342819 valid_loss: 0.130706 lr: 0.000089
03/04/2023 16:10:19 root   INFO     iters: 119 train_loss: 0.342872 valid_loss: 0.130152 lr: 0.000089
03/04/2023 16:10:26 root   INFO     iters: 120 train_loss: 0.343323 valid_loss: 0.133823 lr: 0.000089
03/04/2023 16:10:32 root   INFO     iters: 121 train_loss: 0.343166 valid_loss: 0.133522 lr: 0.000088
03/04/2023 16:10:39 root   INFO     iters: 122 train_loss: 0.342152 valid_loss: 0.130962 lr: 0.000088
03/04/2023 16:10:46 root   INFO     iters: 123 train_loss: 0.342140 valid_loss: 0.129388 lr: 0.000088
03/04/2023 16:10:52 root   INFO     iters: 124 train_loss: 0.341664 valid_loss: 0.130270 lr: 0.000088
03/04/2023 16:10:58 root   INFO     iters: 125 train_loss: 0.342155 valid_loss: 0.131056 lr: 0.000088
03/04/2023 16:11:05 root   INFO     iters: 126 train_loss: 0.341297 valid_loss: 0.129959 lr: 0.000088
03/04/2023 16:11:11 root   INFO     iters: 127 train_loss: 0.341071 valid_loss: 0.127976 lr: 0.000088
03/04/2023 16:11:17 root   INFO     iters: 128 train_loss: 0.340971 valid_loss: 0.126813 lr: 0.000088
03/04/2023 16:11:23 root   INFO     iters: 129 train_loss: 0.340814 valid_loss: 0.133199 lr: 0.000088
03/04/2023 16:11:30 root   INFO     iters: 130 train_loss: 0.340541 valid_loss: 0.128726 lr: 0.000088
03/04/2023 16:11:37 root   INFO     iters: 131 train_loss: 0.340542 valid_loss: 0.129997 lr: 0.000087
03/04/2023 16:11:44 root   INFO     iters: 132 train_loss: 0.339592 valid_loss: 0.126551 lr: 0.000087
03/04/2023 16:11:51 root   INFO     iters: 133 train_loss: 0.340206 valid_loss: 0.126634 lr: 0.000087
03/04/2023 16:11:58 root   INFO     iters: 134 train_loss: 0.339746 valid_loss: 0.125415 lr: 0.000087
03/04/2023 16:12:04 root   INFO     iters: 135 train_loss: 0.339617 valid_loss: 0.126034 lr: 0.000087
03/04/2023 16:12:10 root   INFO     iters: 136 train_loss: 0.339245 valid_loss: 0.126707 lr: 0.000087
03/04/2023 16:12:17 root   INFO     iters: 137 train_loss: 0.339486 valid_loss: 0.127468 lr: 0.000087
03/04/2023 16:12:23 root   INFO     iters: 138 train_loss: 0.339356 valid_loss: 0.126509 lr: 0.000087
03/04/2023 16:12:29 root   INFO     iters: 139 train_loss: 0.338576 valid_loss: 0.125724 lr: 0.000087
03/04/2023 16:12:36 root   INFO     iters: 140 train_loss: 0.338663 valid_loss: 0.125900 lr: 0.000087
03/04/2023 16:12:43 root   INFO     iters: 141 train_loss: 0.338482 valid_loss: 0.125176 lr: 0.000086
03/04/2023 16:12:49 root   INFO     iters: 142 train_loss: 0.338078 valid_loss: 0.126023 lr: 0.000086
03/04/2023 16:12:56 root   INFO     iters: 143 train_loss: 0.338395 valid_loss: 0.125969 lr: 0.000086
03/04/2023 16:13:03 root   INFO     iters: 144 train_loss: 0.337910 valid_loss: 0.124280 lr: 0.000086
03/04/2023 16:13:10 root   INFO     iters: 145 train_loss: 0.337735 valid_loss: 0.124930 lr: 0.000086
03/04/2023 16:13:16 root   INFO     iters: 146 train_loss: 0.337723 valid_loss: 0.124369 lr: 0.000086
03/04/2023 16:13:23 root   INFO     iters: 147 train_loss: 0.337736 valid_loss: 0.124040 lr: 0.000086
03/04/2023 16:13:29 root   INFO     iters: 148 train_loss: 0.337647 valid_loss: 0.124793 lr: 0.000086
03/04/2023 16:13:35 root   INFO     iters: 149 train_loss: 0.337409 valid_loss: 0.125011 lr: 0.000086
03/04/2023 16:13:40 root   INFO     iters: 150 train_loss: 0.337254 valid_loss: 0.123943 lr: 0.000086
03/04/2023 16:13:46 root   INFO     iters: 151 train_loss: 0.336879 valid_loss: 0.123570 lr: 0.000085
03/04/2023 16:13:52 root   INFO     iters: 152 train_loss: 0.336356 valid_loss: 0.123061 lr: 0.000085
03/04/2023 16:13:59 root   INFO     iters: 153 train_loss: 0.336527 valid_loss: 0.120461 lr: 0.000085
03/04/2023 16:14:05 root   INFO     iters: 154 train_loss: 0.336402 valid_loss: 0.124219 lr: 0.000085
03/04/2023 16:14:12 root   INFO     iters: 155 train_loss: 0.336019 valid_loss: 0.122487 lr: 0.000085
03/04/2023 16:14:19 root   INFO     iters: 156 train_loss: 0.335885 valid_loss: 0.120915 lr: 0.000085
03/04/2023 16:14:26 root   INFO     iters: 157 train_loss: 0.335749 valid_loss: 0.123015 lr: 0.000085
03/04/2023 16:14:33 root   INFO     iters: 158 train_loss: 0.336100 valid_loss: 0.122866 lr: 0.000085
03/04/2023 16:14:40 root   INFO     iters: 159 train_loss: 0.334991 valid_loss: 0.122619 lr: 0.000085
03/04/2023 16:14:46 root   INFO     iters: 160 train_loss: 0.335373 valid_loss: 0.121960 lr: 0.000085
03/04/2023 16:14:53 root   INFO     iters: 161 train_loss: 0.335124 valid_loss: 0.121793 lr: 0.000084
03/04/2023 16:14:59 root   INFO     iters: 162 train_loss: 0.335185 valid_loss: 0.120422 lr: 0.000084
03/04/2023 16:15:05 root   INFO     iters: 163 train_loss: 0.335201 valid_loss: 0.119481 lr: 0.000084
03/04/2023 16:15:12 root   INFO     iters: 164 train_loss: 0.334537 valid_loss: 0.119226 lr: 0.000084
03/04/2023 16:15:19 root   INFO     iters: 165 train_loss: 0.334681 valid_loss: 0.120317 lr: 0.000084
03/04/2023 16:15:26 root   INFO     iters: 166 train_loss: 0.334654 valid_loss: 0.124865 lr: 0.000084
03/04/2023 16:15:32 root   INFO     iters: 167 train_loss: 0.334490 valid_loss: 0.121228 lr: 0.000084
03/04/2023 16:15:39 root   INFO     iters: 168 train_loss: 0.334156 valid_loss: 0.120926 lr: 0.000084
03/04/2023 16:15:46 root   INFO     iters: 169 train_loss: 0.334058 valid_loss: 0.119583 lr: 0.000084
03/04/2023 16:15:52 root   INFO     iters: 170 train_loss: 0.333886 valid_loss: 0.118216 lr: 0.000084
03/04/2023 16:15:58 root   INFO     iters: 171 train_loss: 0.333472 valid_loss: 0.122567 lr: 0.000083
03/04/2023 16:16:04 root   INFO     iters: 172 train_loss: 0.333589 valid_loss: 0.119047 lr: 0.000083
03/04/2023 16:16:10 root   INFO     iters: 173 train_loss: 0.333357 valid_loss: 0.118213 lr: 0.000083
03/04/2023 16:16:17 root   INFO     iters: 174 train_loss: 0.333230 valid_loss: 0.119143 lr: 0.000083
03/04/2023 16:16:23 root   INFO     iters: 175 train_loss: 0.333704 valid_loss: 0.116619 lr: 0.000083
03/04/2023 16:16:29 root   INFO     iters: 176 train_loss: 0.333107 valid_loss: 0.117422 lr: 0.000083
03/04/2023 16:16:35 root   INFO     iters: 177 train_loss: 0.333164 valid_loss: 0.117059 lr: 0.000083
03/04/2023 16:16:41 root   INFO     iters: 178 train_loss: 0.332736 valid_loss: 0.118446 lr: 0.000083
03/04/2023 16:16:47 root   INFO     iters: 179 train_loss: 0.332531 valid_loss: 0.117539 lr: 0.000083
03/04/2023 16:16:54 root   INFO     iters: 180 train_loss: 0.332454 valid_loss: 0.117300 lr: 0.000083
03/04/2023 16:17:00 root   INFO     iters: 181 train_loss: 0.332206 valid_loss: 0.119010 lr: 0.000083
03/04/2023 16:17:06 root   INFO     iters: 182 train_loss: 0.332200 valid_loss: 0.119475 lr: 0.000083
03/04/2023 16:17:13 root   INFO     iters: 183 train_loss: 0.333005 valid_loss: 0.115658 lr: 0.000083
03/04/2023 16:17:19 root   INFO     iters: 184 train_loss: 0.331667 valid_loss: 0.116805 lr: 0.000083
03/04/2023 16:17:26 root   INFO     iters: 185 train_loss: 0.332674 valid_loss: 0.117004 lr: 0.000083
03/04/2023 16:17:33 root   INFO     iters: 186 train_loss: 0.331731 valid_loss: 0.116855 lr: 0.000083
03/04/2023 16:17:39 root   INFO     iters: 187 train_loss: 0.332316 valid_loss: 0.117013 lr: 0.000083
03/04/2023 16:17:46 root   INFO     iters: 188 train_loss: 0.331561 valid_loss: 0.116481 lr: 0.000083
03/04/2023 16:17:53 root   INFO     iters: 189 train_loss: 0.331927 valid_loss: 0.116617 lr: 0.000083
03/04/2023 16:17:58 root   INFO     iters: 190 train_loss: 0.331454 valid_loss: 0.116767 lr: 0.000083
03/04/2023 16:18:04 root   INFO     iters: 191 train_loss: 0.331250 valid_loss: 0.117645 lr: 0.000082
03/04/2023 16:18:10 root   INFO     iters: 192 train_loss: 0.330812 valid_loss: 0.118507 lr: 0.000082
03/04/2023 16:18:16 root   INFO     iters: 193 train_loss: 0.331561 valid_loss: 0.119337 lr: 0.000082
03/04/2023 16:18:23 root   INFO     iters: 194 train_loss: 0.330784 valid_loss: 0.116710 lr: 0.000082
03/04/2023 16:18:29 root   INFO     iters: 195 train_loss: 0.331132 valid_loss: 0.115151 lr: 0.000082
03/04/2023 16:18:35 root   INFO     iters: 196 train_loss: 0.330398 valid_loss: 0.114132 lr: 0.000082
03/04/2023 16:18:42 root   INFO     iters: 197 train_loss: 0.330829 valid_loss: 0.115555 lr: 0.000082
03/04/2023 16:18:48 root   INFO     iters: 198 train_loss: 0.330615 valid_loss: 0.115922 lr: 0.000082
03/04/2023 16:18:54 root   INFO     iters: 199 train_loss: 0.330761 valid_loss: 0.114358 lr: 0.000082
